<?xml version="1.0" encoding="utf-8"?>
<!DOCTYPE coverage SYSTEM "http://cobertura.sourceforge.net/xml/coverage-04.dtd">
<coverage line-rate="0.9" branch-rate="1" lines-covered="27" lines-valid="30" branches-covered="8" branches-valid="8" complexity="14" version="0" timestamp="1723024089">
  <sources>
    <source>C:\</source>
  </sources>
  <packages>
    <package name="SuperCalculator.Business" line-rate="1" branch-rate="1" complexity="10">
      <classes>
        <class name="SuperCalculator.Business.Calculator" filename="C:\Venkat\ConsilioCodeDemos\coderepo\dotNetCodeDemos\SuperCalculator.Business\Calculator.cs" line-rate="1" branch-rate="1" complexity="8">
          <methods>
            <method name="Sum" signature="(...)" line-rate="1" branch-rate="1" complexity="8">
              <lines>
                <line number="8" hits="3" branch="false" />
                <line number="10" hits="3" branch="true" condition-coverage="100% (4/4)" />
                <line number="11" hits="1" branch="false" />
                <line number="12" hits="1" branch="false" />
                <line number="15" hits="2" branch="true" condition-coverage="100% (4/4)" />
                <line number="16" hits="1" branch="false" />
                <line number="17" hits="1" branch="false" />
                <line number="20" hits="1" branch="false" />
                <line number="21" hits="1" branch="false" />
              </lines>
            </method>
          </methods>
          <lines>
            <line number="8" hits="3" branch="false" />
            <line number="10" hits="3" branch="true" condition-coverage="100% (4/4)" />
            <line number="11" hits="1" branch="false" />
            <line number="12" hits="1" branch="false" />
            <line number="15" hits="2" branch="true" condition-coverage="100% (4/4)" />
            <line number="16" hits="1" branch="false" />
            <line number="17" hits="1" branch="false" />
            <line number="20" hits="1" branch="false" />
            <line number="21" hits="1" branch="false" />
          </lines>
        </class>
        <class name="SuperCalculator.Business.NonEvenNumberException" filename="C:\Venkat\ConsilioCodeDemos\coderepo\dotNetCodeDemos\SuperCalculator.Business\NonEvenNumberException.cs" line-rate="1" branch-rate="1" complexity="1">
          <methods>
            <method name=".ctor" signature="(...)" line-rate="1" branch-rate="1" complexity="1">
              <lines>
                <line number="15" hits="1" branch="false" />
                <line number="16" hits="1" branch="false" />
                <line number="17" hits="1" branch="false" />
              </lines>
            </method>
          </methods>
          <lines>
            <line number="15" hits="1" branch="false" />
            <line number="16" hits="1" branch="false" />
            <line number="17" hits="1" branch="false" />
          </lines>
        </class>
        <class name="SuperCalculator.Business.NonZeroNumberException" filename="C:\Venkat\ConsilioCodeDemos\coderepo\dotNetCodeDemos\SuperCalculator.Business\NonZeroNumberException.cs" line-rate="1" branch-rate="1" complexity="1">
          <methods>
            <method name=".ctor" signature="(...)" line-rate="1" branch-rate="1" complexity="1">
              <lines>
                <line number="15" hits="1" branch="false" />
                <line number="16" hits="1" branch="false" />
                <line number="17" hits="1" branch="false" />
              </lines>
            </method>
          </methods>
          <lines>
            <line number="15" hits="1" branch="false" />
            <line number="16" hits="1" branch="false" />
            <line number="17" hits="1" branch="false" />
          </lines>
        </class>
      </classes>
    </package>
    <package name="SuperCalculator.Business.UnitTest" line-rate="0.8" branch-rate="1" complexity="4">
      <classes>
        <class name="AutoGeneratedProgram" filename="C:\Users\venka\.nuget\packages\microsoft.net.test.sdk\17.8.0\build\netcoreapp3.1\Microsoft.NET.Test.Sdk.Program.cs" line-rate="0" branch-rate="1" complexity="1">
          <methods>
            <method name="Main" signature="(...)" line-rate="0" branch-rate="1" complexity="1">
              <lines>
                <line number="4" hits="0" branch="false" />
              </lines>
            </method>
          </methods>
          <lines>
            <line number="4" hits="0" branch="false" />
          </lines>
        </class>
        <class name="SuperCalculator.Business.UnitTest.CalculatorUnitTest" filename="C:\Venkat\ConsilioCodeDemos\coderepo\dotNetCodeDemos\SuperCalculator.Business.UnitTest\CalculatorUnitTest.cs" line-rate="0.857142857142857" branch-rate="1" complexity="3">
          <methods>
            <method name="Sum_WithValidInput_ProvidesValidResult" signature="()" line-rate="1" branch-rate="1" complexity="1">
              <lines>
                <line number="9" hits="1" branch="false" />
                <line number="19" hits="3" branch="false" />
                <line number="20" hits="1" branch="false" />
                <line number="23" hits="1" branch="false" />
                <line number="25" hits="1" branch="false" />
                <line number="27" hits="1" branch="false" />
              </lines>
            </method>
            <method name="Sum_WithZeroOrNegativeInput_ShouldThrowsExp" signature="()" line-rate="0.75" branch-rate="1" complexity="1">
              <lines>
                <line number="32" hits="1" branch="false" />
                <line number="33" hits="1" branch="false" />
                <line number="34" hits="1" branch="false" />
                <line number="36" hits="0" branch="false" />
              </lines>
            </method>
            <method name="Sum_WithNonEvenInput_ThrowsExp" signature="()" line-rate="0.75" branch-rate="1" complexity="1">
              <lines>
                <line number="39" hits="1" branch="false" />
                <line number="40" hits="1" branch="false" />
                <line number="41" hits="1" branch="false" />
                <line number="42" hits="0" branch="false" />
              </lines>
            </method>
          </methods>
          <lines>
            <line number="9" hits="1" branch="false" />
            <line number="19" hits="3" branch="false" />
            <line number="20" hits="1" branch="false" />
            <line number="23" hits="1" branch="false" />
            <line number="25" hits="1" branch="false" />
            <line number="27" hits="1" branch="false" />
            <line number="32" hits="1" branch="false" />
            <line number="33" hits="1" branch="false" />
            <line number="34" hits="1" branch="false" />
            <line number="36" hits="0" branch="false" />
            <line number="39" hits="1" branch="false" />
            <line number="40" hits="1" branch="false" />
            <line number="41" hits="1" branch="false" />
            <line number="42" hits="0" branch="false" />
          </lines>
        </class>
      </classes>
    </package>
  </packages>
</coverage>