<?xml version="1.0" encoding="utf-8"?>
<!DOCTYPE coverage SYSTEM "http://cobertura.sourceforge.net/xml/coverage-04.dtd">
<coverage line-rate="0.911764705882353" branch-rate="1" lines-covered="31" lines-valid="34" branches-covered="8" branches-valid="8" complexity="17" version="0" timestamp="1723120573">
  <sources>
    <source>C:\</source>
  </sources>
  <packages>
    <package name="SuperCalculator.Business" line-rate="1" branch-rate="1" complexity="10">
      <classes>
        <class name="SuperCalculator.Business.Calculator" filename="C:\Venkat\ConsilioCodeDemos\coderepo\dotNetCodeDemos\SuperCalculator.Business\Calculator.cs" line-rate="1" branch-rate="1" complexity="8">
          <methods>
            <method name="Sum" signature="(...)" line-rate="1" branch-rate="1" complexity="8">
              <lines>
                <line number="8" hits="8" branch="false" />
                <line number="10" hits="8" branch="true" condition-coverage="100% (4/4)" />
                <line number="11" hits="4" branch="false" />
                <line number="12" hits="4" branch="false" />
                <line number="15" hits="4" branch="true" condition-coverage="100% (4/4)" />
                <line number="16" hits="3" branch="false" />
                <line number="17" hits="3" branch="false" />
                <line number="20" hits="1" branch="false" />
                <line number="21" hits="1" branch="false" />
              </lines>
            </method>
          </methods>
          <lines>
            <line number="8" hits="8" branch="false" />
            <line number="10" hits="8" branch="true" condition-coverage="100% (4/4)" />
            <line number="11" hits="4" branch="false" />
            <line number="12" hits="4" branch="false" />
            <line number="15" hits="4" branch="true" condition-coverage="100% (4/4)" />
            <line number="16" hits="3" branch="false" />
            <line number="17" hits="3" branch="false" />
            <line number="20" hits="1" branch="false" />
            <line number="21" hits="1" branch="false" />
          </lines>
        </class>
        <class name="SuperCalculator.Business.NonEvenNumberException" filename="C:\Venkat\ConsilioCodeDemos\coderepo\dotNetCodeDemos\SuperCalculator.Business\NonEvenNumberException.cs" line-rate="1" branch-rate="1" complexity="1">
          <methods>
            <method name=".ctor" signature="(...)" line-rate="1" branch-rate="1" complexity="1">
              <lines>
                <line number="15" hits="3" branch="false" />
                <line number="16" hits="3" branch="false" />
                <line number="17" hits="3" branch="false" />
              </lines>
            </method>
          </methods>
          <lines>
            <line number="15" hits="3" branch="false" />
            <line number="16" hits="3" branch="false" />
            <line number="17" hits="3" branch="false" />
          </lines>
        </class>
        <class name="SuperCalculator.Business.NonZeroNumberException" filename="C:\Venkat\ConsilioCodeDemos\coderepo\dotNetCodeDemos\SuperCalculator.Business\NonZeroNumberException.cs" line-rate="1" branch-rate="1" complexity="1">
          <methods>
            <method name=".ctor" signature="(...)" line-rate="1" branch-rate="1" complexity="1">
              <lines>
                <line number="15" hits="4" branch="false" />
                <line number="16" hits="4" branch="false" />
                <line number="17" hits="4" branch="false" />
              </lines>
            </method>
          </methods>
          <lines>
            <line number="15" hits="4" branch="false" />
            <line number="16" hits="4" branch="false" />
            <line number="17" hits="4" branch="false" />
          </lines>
        </class>
      </classes>
    </package>
    <package name="SuperCalculator.Business.UnitTest" line-rate="0.842105263157895" branch-rate="1" complexity="7">
      <classes>
        <class name="AutoGeneratedProgram" filename="C:\Users\venka\.nuget\packages\microsoft.net.test.sdk\17.8.0\build\netcoreapp3.1\Microsoft.NET.Test.Sdk.Program.cs" line-rate="0" branch-rate="1" complexity="1">
          <methods>
            <method name="Main" signature="(...)" line-rate="0" branch-rate="1" complexity="1">
              <lines>
                <line number="4" hits="0" branch="false" />
              </lines>
            </method>
          </methods>
          <lines>
            <line number="4" hits="0" branch="false" />
          </lines>
        </class>
        <class name="SuperCalculator.Business.UnitTest.CalculatorUnitTest" filename="C:\Venkat\ConsilioCodeDemos\coderepo\dotNetCodeDemos\SuperCalculator.Business.UnitTest\CalculatorUnitTest.cs" line-rate="0.888888888888889" branch-rate="1" complexity="6">
          <methods>
            <method name="Init" signature="()" line-rate="1" branch-rate="1" complexity="1">
              <lines>
                <line number="9" hits="8" branch="false" />
                <line number="10" hits="8" branch="false" />
                <line number="11" hits="8" branch="false" />
              </lines>
            </method>
            <method name="Cleanup" signature="()" line-rate="1" branch-rate="1" complexity="1">
              <lines>
                <line number="15" hits="8" branch="false" />
                <line number="16" hits="8" branch="false" />
                <line number="17" hits="8" branch="false" />
              </lines>
            </method>
            <method name="Sum_WithValidInput_ProvidesValidResult" signature="()" line-rate="1" branch-rate="1" complexity="1">
              <lines>
                <line number="22" hits="1" branch="false" />
                <line number="32" hits="3" branch="false" />
                <line number="36" hits="1" branch="false" />
                <line number="38" hits="1" branch="false" />
                <line number="40" hits="1" branch="false" />
              </lines>
            </method>
            <method name="Sum_WithZeroOrNegativeInput_ShouldThrowsExp" signature="(...)" line-rate="0.666666666666667" branch-rate="1" complexity="1">
              <lines>
                <line number="49" hits="4" branch="false" />
                <line number="51" hits="4" branch="false" />
                <line number="53" hits="0" branch="false" />
              </lines>
            </method>
            <method name="Sum_WithNonEvenInput_ThrowsExp" signature="(...)" line-rate="0.666666666666667" branch-rate="1" complexity="1">
              <lines>
                <line number="59" hits="3" branch="false" />
                <line number="61" hits="3" branch="false" />
                <line number="62" hits="0" branch="false" />
              </lines>
            </method>
            <method name=".ctor" signature="()" line-rate="1" branch-rate="1" complexity="1">
              <lines>
                <line number="6" hits="8" branch="false" />
              </lines>
            </method>
          </methods>
          <lines>
            <line number="6" hits="8" branch="false" />
            <line number="9" hits="8" branch="false" />
            <line number="10" hits="8" branch="false" />
            <line number="11" hits="8" branch="false" />
            <line number="15" hits="8" branch="false" />
            <line number="16" hits="8" branch="false" />
            <line number="17" hits="8" branch="false" />
            <line number="22" hits="1" branch="false" />
            <line number="32" hits="3" branch="false" />
            <line number="36" hits="1" branch="false" />
            <line number="38" hits="1" branch="false" />
            <line number="40" hits="1" branch="false" />
            <line number="49" hits="4" branch="false" />
            <line number="51" hits="4" branch="false" />
            <line number="53" hits="0" branch="false" />
            <line number="59" hits="3" branch="false" />
            <line number="61" hits="3" branch="false" />
            <line number="62" hits="0" branch="false" />
          </lines>
        </class>
      </classes>
    </package>
  </packages>
</coverage>