<?xml version="1.0" encoding="utf-8"?>
<coverage line-rate="0.9117000000000001" branch-rate="1" version="1.9" timestamp="1723100772" lines-covered="31" lines-valid="34" branches-covered="8" branches-valid="8">
  <sources>
    <source>C:\</source>
  </sources>
  <packages>
    <package name="SuperCalculator.Business" line-rate="1" branch-rate="1" complexity="10">
      <classes>
        <class name="SuperCalculator.Business.Calculator" filename="Venkat\ConsilioCodeDemos\coderepo\dotNetCodeDemos\SuperCalculator.Business\Calculator.cs" line-rate="1" branch-rate="1" complexity="8">
          <methods>
            <method name="Sum" signature="(System.Int32,System.Int32)" line-rate="1" branch-rate="1" complexity="8">
              <lines>
                <line number="8" hits="8" branch="False" />
                <line number="10" hits="8" branch="True" condition-coverage="100% (4/4)">
                  <conditions>
                    <condition number="3" type="jump" coverage="100%" />
                    <condition number="17" type="jump" coverage="100%" />
                  </conditions>
                </line>
                <line number="11" hits="4" branch="False" />
                <line number="12" hits="4" branch="False" />
                <line number="15" hits="4" branch="True" condition-coverage="100% (4/4)">
                  <conditions>
                    <condition number="35" type="jump" coverage="100%" />
                    <condition number="48" type="jump" coverage="100%" />
                  </conditions>
                </line>
                <line number="16" hits="3" branch="False" />
                <line number="17" hits="3" branch="False" />
                <line number="20" hits="1" branch="False" />
                <line number="21" hits="1" branch="False" />
              </lines>
            </method>
          </methods>
          <lines>
            <line number="8" hits="8" branch="False" />
            <line number="10" hits="8" branch="True" condition-coverage="100% (4/4)">
              <conditions>
                <condition number="3" type="jump" coverage="100%" />
                <condition number="17" type="jump" coverage="100%" />
              </conditions>
            </line>
            <line number="11" hits="4" branch="False" />
            <line number="12" hits="4" branch="False" />
            <line number="15" hits="4" branch="True" condition-coverage="100% (4/4)">
              <conditions>
                <condition number="35" type="jump" coverage="100%" />
                <condition number="48" type="jump" coverage="100%" />
              </conditions>
            </line>
            <line number="16" hits="3" branch="False" />
            <line number="17" hits="3" branch="False" />
            <line number="20" hits="1" branch="False" />
            <line number="21" hits="1" branch="False" />
          </lines>
        </class>
        <class name="SuperCalculator.Business.NonEvenNumberException" filename="Venkat\ConsilioCodeDemos\coderepo\dotNetCodeDemos\SuperCalculator.Business\NonEvenNumberException.cs" line-rate="1" branch-rate="1" complexity="1">
          <methods>
            <method name=".ctor" signature="(System.String,System.Exception)" line-rate="1" branch-rate="1" complexity="1">
              <lines>
                <line number="15" hits="3" branch="False" />
                <line number="16" hits="3" branch="False" />
                <line number="17" hits="3" branch="False" />
              </lines>
            </method>
          </methods>
          <lines>
            <line number="15" hits="3" branch="False" />
            <line number="16" hits="3" branch="False" />
            <line number="17" hits="3" branch="False" />
          </lines>
        </class>
        <class name="SuperCalculator.Business.NonZeroNumberException" filename="Venkat\ConsilioCodeDemos\coderepo\dotNetCodeDemos\SuperCalculator.Business\NonZeroNumberException.cs" line-rate="1" branch-rate="1" complexity="1">
          <methods>
            <method name=".ctor" signature="(System.String,System.Exception)" line-rate="1" branch-rate="1" complexity="1">
              <lines>
                <line number="15" hits="4" branch="False" />
                <line number="16" hits="4" branch="False" />
                <line number="17" hits="4" branch="False" />
              </lines>
            </method>
          </methods>
          <lines>
            <line number="15" hits="4" branch="False" />
            <line number="16" hits="4" branch="False" />
            <line number="17" hits="4" branch="False" />
          </lines>
        </class>
      </classes>
    </package>
    <package name="SuperCalculator.Business.UnitTest" line-rate="0.8421" branch-rate="1" complexity="7">
      <classes>
        <class name="AutoGeneratedProgram" filename="Users\venka\.nuget\packages\microsoft.net.test.sdk\17.8.0\build\netcoreapp3.1\Microsoft.NET.Test.Sdk.Program.cs" line-rate="0" branch-rate="1" complexity="1">
          <methods>
            <method name="Main" signature="(System.String[])" line-rate="0" branch-rate="1" complexity="1">
              <lines>
                <line number="4" hits="0" branch="False" />
              </lines>
            </method>
          </methods>
          <lines>
            <line number="4" hits="0" branch="False" />
          </lines>
        </class>
        <class name="SuperCalculator.Business.UnitTest.CalculatorUnitTest" filename="Venkat\ConsilioCodeDemos\coderepo\dotNetCodeDemos\SuperCalculator.Business.UnitTest\CalculatorUnitTest.cs" line-rate="0.8887999999999999" branch-rate="1" complexity="6">
          <methods>
            <method name="Init" signature="()" line-rate="1" branch-rate="1" complexity="1">
              <lines>
                <line number="9" hits="8" branch="False" />
                <line number="10" hits="8" branch="False" />
                <line number="11" hits="8" branch="False" />
              </lines>
            </method>
            <method name="Cleanup" signature="()" line-rate="1" branch-rate="1" complexity="1">
              <lines>
                <line number="15" hits="8" branch="False" />
                <line number="16" hits="8" branch="False" />
                <line number="17" hits="8" branch="False" />
              </lines>
            </method>
            <method name="Sum_WithValidInput_ProvidesValidResult" signature="()" line-rate="1" branch-rate="1" complexity="1">
              <lines>
                <line number="22" hits="1" branch="False" />
                <line number="32" hits="3" branch="False" />
                <line number="36" hits="1" branch="False" />
                <line number="38" hits="1" branch="False" />
                <line number="40" hits="1" branch="False" />
              </lines>
            </method>
            <method name="Sum_WithZeroOrNegativeInput_ShouldThrowsExp" signature="(System.Int32,System.Int32)" line-rate="0.6666" branch-rate="1" complexity="1">
              <lines>
                <line number="49" hits="4" branch="False" />
                <line number="51" hits="4" branch="False" />
                <line number="53" hits="0" branch="False" />
              </lines>
            </method>
            <method name="Sum_WithNonEvenInput_ThrowsExp" signature="(System.Int32,System.Int32)" line-rate="0.6666" branch-rate="1" complexity="1">
              <lines>
                <line number="59" hits="3" branch="False" />
                <line number="61" hits="3" branch="False" />
                <line number="62" hits="0" branch="False" />
              </lines>
            </method>
            <method name=".ctor" signature="()" line-rate="1" branch-rate="1" complexity="1">
              <lines>
                <line number="6" hits="8" branch="False" />
              </lines>
            </method>
          </methods>
          <lines>
            <line number="9" hits="8" branch="False" />
            <line number="10" hits="8" branch="False" />
            <line number="11" hits="8" branch="False" />
            <line number="15" hits="8" branch="False" />
            <line number="16" hits="8" branch="False" />
            <line number="17" hits="8" branch="False" />
            <line number="22" hits="1" branch="False" />
            <line number="32" hits="3" branch="False" />
            <line number="36" hits="1" branch="False" />
            <line number="38" hits="1" branch="False" />
            <line number="40" hits="1" branch="False" />
            <line number="49" hits="4" branch="False" />
            <line number="51" hits="4" branch="False" />
            <line number="53" hits="0" branch="False" />
            <line number="59" hits="3" branch="False" />
            <line number="61" hits="3" branch="False" />
            <line number="62" hits="0" branch="False" />
            <line number="6" hits="8" branch="False" />
          </lines>
        </class>
      </classes>
    </package>
  </packages>
</coverage>